/*C7*/SET SCHEMA PUBLIC
DISCONNECT
/*C8*/SET SCHEMA PUBLIC
DISCONNECT
/*C18*/SET SCHEMA PUBLIC
DISCONNECT
/*C19*/SET SCHEMA PUBLIC
DISCONNECT
/*C20*/SET SCHEMA PUBLIC
DISCONNECT
/*C21*/SET SCHEMA PUBLIC
DELETE FROM GENRE WHERE ID=2
INSERT INTO GENRE VALUES(2,'\u0423\u0436\u0430\u0441\u044b')
COMMIT
/*C22*/SET SCHEMA PUBLIC
DISCONNECT
/*C36*/SET SCHEMA PUBLIC
DISCONNECT
/*C37*/SET SCHEMA PUBLIC
DISCONNECT
/*C38*/SET SCHEMA PUBLIC
DISCONNECT
/*C39*/SET SCHEMA PUBLIC
DISCONNECT
/*C40*/SET SCHEMA PUBLIC
DELETE FROM BOOK WHERE ID=2
INSERT INTO BOOK VALUES(2,'Book',3,3,1,1765,'\u0410\u0410\u0410\u0410\u0410')
COMMIT
/*C41*/SET SCHEMA PUBLIC
DISCONNECT
/*C51*/SET SCHEMA PUBLIC
DISCONNECT
/*C52*/SET SCHEMA PUBLIC
DISCONNECT
/*C53*/SET SCHEMA PUBLIC
DISCONNECT
/*C54*/SET SCHEMA PUBLIC
DELETE FROM BOOK WHERE ID=2
INSERT INTO BOOK VALUES(2,'Book',3,3,1,1765,'\u0413\u043e\u0440\u043e\u0434')
COMMIT
/*C55*/SET SCHEMA PUBLIC
DISCONNECT
/*C77*/SET SCHEMA PUBLIC
DISCONNECT
/*C78*/SET SCHEMA PUBLIC
DISCONNECT
/*C79*/SET SCHEMA PUBLIC
DISCONNECT
/*C80*/SET SCHEMA PUBLIC
DISCONNECT
/*C90*/SET SCHEMA PUBLIC
DISCONNECT
/*C91*/SET SCHEMA PUBLIC
DISCONNECT
/*C92*/SET SCHEMA PUBLIC
DISCONNECT
/*C93*/SET SCHEMA PUBLIC
DELETE FROM BOOK WHERE ID=1
INSERT INTO BOOK VALUES(1,'\u041a\u043d\u0438\u0433\u0430',3,1,2,1953,'\u0413\u043e\u0440\u043e\u0434\u0430')
COMMIT
/*C94*/SET SCHEMA PUBLIC
DISCONNECT
/*C104*/SET SCHEMA PUBLIC
DISCONNECT
/*C105*/SET SCHEMA PUBLIC
DISCONNECT
/*C106*/SET SCHEMA PUBLIC
DISCONNECT
/*C107*/SET SCHEMA PUBLIC
DELETE FROM BOOK WHERE ID=2
INSERT INTO BOOK VALUES(2,'\u041a\u043d\u0438\u0433\u0430',3,3,1,1765,'\u0413\u043e\u0440\u043e\u0434')
COMMIT
/*C108*/SET SCHEMA PUBLIC
DISCONNECT
/*C125*/SET SCHEMA PUBLIC
DISCONNECT
/*C126*/SET SCHEMA PUBLIC
DISCONNECT
/*C127*/SET SCHEMA PUBLIC
DISCONNECT
/*C142*/SET SCHEMA PUBLIC
DISCONNECT
/*C152*/SET SCHEMA PUBLIC
DISCONNECT
/*C153*/SET SCHEMA PUBLIC
DISCONNECT
/*C154*/SET SCHEMA PUBLIC
DISCONNECT
/*C155*/SET SCHEMA PUBLIC
DELETE FROM BOOK WHERE ID=2
INSERT INTO BOOK VALUES(2,'Book',1,3,1,1765,'\u0413\u043e\u0440\u043e\u0434')
COMMIT
/*C156*/SET SCHEMA PUBLIC
DISCONNECT
